2014-07-22 04:51:36 [FINEST] Sent event FMLConstructionEvent to mod Schematica
2014-07-22 04:52:06 [FINEST] Sending event FMLPreInitializationEvent to mod Schematica
2014-07-22 04:52:06 [FINEST] Sent event FMLPreInitializationEvent to mod Schematica
2014-07-22 04:52:35 [FINEST] Sending event FMLInitializationEvent to mod Schematica
2014-07-22 04:52:35 [FINEST] Sent event FMLInitializationEvent to mod Schematica
2014-07-22 04:52:53 [FINEST] Sending event IMCEvent to mod Schematica
2014-07-22 04:52:53 [FINEST] Sent event IMCEvent to mod Schematica
2014-07-22 04:53:08 [FINEST] Sending event FMLPostInitializationEvent to mod Schematica
2014-07-22 04:53:08 [INFO] Reading aliasVanilla.properties...
2014-07-22 04:53:08 [INFO] Reading flipVanilla.properties...
2014-07-22 04:53:08 [INFO] Reading rotationVanilla.properties...
2014-07-22 04:53:08 [FINEST] Sent event FMLPostInitializationEvent to mod Schematica
2014-07-22 05:04:36 [FINEST] Sent event FMLConstructionEvent to mod Schematica
2014-07-22 05:05:06 [FINEST] Sending event FMLPreInitializationEvent to mod Schematica
2014-07-22 05:05:06 [FINEST] Sent event FMLPreInitializationEvent to mod Schematica
2014-07-22 05:05:35 [FINEST] Sending event FMLInitializationEvent to mod Schematica
2014-07-22 05:05:36 [FINEST] Sent event FMLInitializationEvent to mod Schematica
2014-07-22 05:05:43 [FINEST] Sending event IMCEvent to mod Schematica
2014-07-22 05:05:43 [FINEST] Sent event IMCEvent to mod Schematica
2014-07-22 05:05:59 [FINEST] Sending event FMLPostInitializationEvent to mod Schematica
2014-07-22 05:05:59 [INFO] Reading aliasVanilla.properties...
2014-07-22 05:05:59 [INFO] Reading flipVanilla.properties...
2014-07-22 05:05:59 [INFO] Reading rotationVanilla.properties...
2014-07-22 05:05:59 [FINEST] Sent event FMLPostInitializationEvent to mod Schematica
