2014-07-22 04:51:13 [CLIENT] [INFO] Setting user: Tlacatecolototl
2014-07-22 04:51:13 [CLIENT] [INFO] LWJGL Version: 2.9.0
2014-07-22 04:51:14 [CLIENT] [INFO] Reloading ResourceManager: Default
2014-07-22 04:51:23 [CLIENT] [INFO] Reloading ResourceManager: Default, FMLFileResourcePack:Forge Mod Loader, FMLFileResourcePack:Minecraft Forge, FMLFileResourcePack:Not Enough Items, FMLFileResourcePack:OpenEye, FMLFileResourcePack:PowerCrystals Core, FMLFileResourcePack:DenEvents, FMLFileResourcePack:bspkrsCore, FMLFileResourcePack:WorldStateCheckpoints, FMLFileResourcePack:Advanced Machines, FMLFileResourcePack:Advanced Genetics, FMLFileResourcePack:Advanced Reactors, FMLFileResourcePack:Agent's Mod, FMLFileResourcePack:Agent's Mod, FMLFileResourcePack:Agent's Mod, FMLFileResourcePack:Agent's Mod, FMLFileResourcePack:Agent's Mod, FMLFileResourcePack:Agent's Mod, FMLFileResourcePack:Agent's Mod, FMLFileResourcePack:Agent's Mod, FMLFileResourcePack:Agent's Mod, FMLFileResourcePack:Agent's Mod, FMLFileResourcePack:Agent's Mod, FMLFileResourcePack:Agent's Mod, FMLFileResourcePack:Agent's Mod, FMLFileResourcePack:Agent's Mod, FMLFileResourcePack:Agent's Mod, FMLFileResourcePack:Agent's Mod, FMLFileResourcePack:Agent's Mod, FMLFileResourcePack:Agent's Mod, FMLFileResourcePack:Agent's Mod, FMLFileResourcePack:Agent's Mod, FMLFileResourcePack:Agent's Mod, FMLFileResourcePack:Agent's Mod, FMLFileResourcePack:Agent's Mod, FMLFileResourcePack:Agent's Mod, FMLFileResourcePack:Agent's Mod, FMLFileResourcePack:Ars Magica 2, FMLFileResourcePack:AnimationAPI, FMLFileResourcePack:Another One Bites The Dust, FMLFileResourcePack:Advanced Power Management, FMLFileResourcePack:Applied Energistics, FMLFileResourcePack:Archimedes' Ships, FMLFileResourcePack:Artifacts, FMLFileResourcePack:Autoutils, FMLFileResourcePack:Buildcraft Tools, FMLFileResourcePack:BD Lib, FMLFileResourcePack:BetterStorage, FMLFileResourcePack:BiblioCraft, FMLFileResourcePack:BiblioWoods Biomes O'Plenty Edition, FMLFileResourcePack:BiblioWoods ExtraBiomesXL Edition, FMLFileResourcePack:BiblioWoods Forestry Edition, FMLFileResourcePack:BiblioWoods Highlands Edition, FMLFileResourcePack:BiblioWoods Natura Edition, FMLFileResourcePack:Binnie Core, FMLFileResourcePack:Extra Bees, FMLFileResourcePack:Extra Trees, FMLFileResourcePack:Biomes O' Plenty, FMLFileResourcePack:AlchemicalWizardry, FMLFileResourcePack:Botania, FMLFileResourcePack:BC Builders, FMLFileResourcePack:BuildCraft, FMLFileResourcePack:BC Energy, FMLFileResourcePack:BC Factory, FMLFileResourcePack:BC Silicon, FMLFileResourcePack:BC Transport, FMLFileResourcePack:Additional Buildcraft Objects, FMLFileResourcePack:BuildCraftAddon, FMLFileResourcePack:Carpenter's Blocks, FMLFileResourcePack:Chisel, FMLFileResourcePack:CoFH Core, FMLFileResourcePack:CoFH Loot, FMLFileResourcePack:CoFH Masquerade, FMLFileResourcePack:CoFH Social, FMLFileResourcePack:CoFH World, FMLFileResourcePack:Compact Solar Arrays, FMLFileResourcePack:ComputerCraft, FMLFileResourcePack:Extended Mod Config, FMLFileResourcePack:CoroAI, FMLFileResourcePack:DrZhark's CustomSpawner, FMLFileResourcePack:DartCraft, FMLFileResourcePack:Defense, FMLFileResourcePack:DenPipes, FMLFileResourcePack:Dimensional Doors, FMLFileResourcePack:DragonAPI, FMLFileResourcePack:Dynamic Liquid Tanks 2, FMLFileResourcePack:Emasher Resource, FMLFileResourcePack:Enchanting Plus, FMLFileResourcePack:Ender Forest, FMLFileResourcePack:Ender IO, FMLFileResourcePack:EnderStorage, FMLFileResourcePack:Engineer's Toolbox, FMLFileResourcePack:EnhancedPortals, FMLFileResourcePack:Equivalency, FMLFileResourcePack:Equivalent Exchange 3, FMLFileResourcePack:Extended Renderer, FMLFileResourcePack:ExtrabiomesXL, FMLFileResourcePack:ExtraCells, FMLFileResourcePack:Extra Utilities, FMLFileResourcePack:Factorization Miscellaneous Nonsense, FMLFileResourcePack:Factorization Notification System, FMLFileResourcePack:Factorization Dimensional Slices, FMLFileResourcePack:Factorization, FMLFileResourcePack:DeathCounter, FMLFileResourcePack:Forbidden Magic, FMLFileResourcePack:Forestry for Minecraft, FMLFileResourcePack:Forestry Extras, FMLFileResourcePack:Gany's End, FMLFileResourcePack:Gany's Nether, FMLFileResourcePack:Gany's Surface, FMLFileResourcePack:GasCraft, FMLFileResourcePack:GateCopy, FMLFileResourcePack:GenDustry, FMLFileResourcePack:GeoStrata, FMLFileResourcePack:Greg's Lighting, FMLFileResourcePack:GregTech-Addon, FMLFileResourcePack:Hats, FMLFileResourcePack:Nuclear Control, FMLFileResourcePack:Immibis Core, FMLFileResourcePack:Immibis's Peripherals, FMLFileResourcePack:IndustrialCraft 2, FMLFileResourcePack:Infernal Mobs, FMLFileResourcePack:InfiniTubes, FMLFileResourcePack:Inventory Tweaks, FMLFileResourcePack:Iron Chest, FMLFileResourcePack:Keithy Utils, FMLFileResourcePack:Logistics Pipes, FMLFileResourcePack:LomLib, FMLFileResourcePack:Mad Science, FMLFileResourcePack:Magical Crops, FMLFileResourcePack:Magical Crops - Crops & Food, FMLFileResourcePack:Magic Bees, FMLFileResourcePack:Mekanism, FMLFileResourcePack:MekanismGenerators, FMLFileResourcePack:MekanismTools, FMLFileResourcePack:MineChem, FMLFileResourcePack:MFR Compat Forestry Trees, FMLFileResourcePack:MFR Compat Extra Trees, FMLFileResourcePack:MineFactory Reloaded, FMLFileResourcePack:MFR Compat: Applied Energistics, FMLFileResourcePack:MFR Compat: Atum, FMLFileResourcePack:MFR Compat: BackTools, FMLFileResourcePack:MFR Compat: BuildCraft, FMLFileResourcePack:MFR Compat: Chococraft, FMLFileResourcePack:MFR Compat: ExtraBiomes, FMLFileResourcePack:MFR Compat: Forestry, FMLFileResourcePack:MFR Compat: Forestry (part 2), FMLFileResourcePack:MFR Compat: ForgeMicroblock, FMLFileResourcePack:MFR Compat: IC2, FMLFileResourcePack:MFR Compat: Mystcraft, FMLFileResourcePack:MFR Compat: Pam's Mods, FMLFileResourcePack:MFR Compat ProjectRed, FMLFileResourcePack:MFR Compat: Railcraft, FMLFileResourcePack:MFR Compat: RP2, FMLFileResourcePack:MFR Compat: Sufficient Biomes, FMLFileResourcePack:MFR Compat: Thaumcraft, FMLFileResourcePack:MFR Compat: Thermal Expansion, FMLFileResourcePack:MFR Compat: TwilightForest, FMLFileResourcePack:MFR Compat: Vanilla, FMLFileResourcePack:MFR Compat: XyCraft, FMLFileResourcePack:NetherStuffs, FMLFileResourcePack:Build Mod, FMLFileResourcePack:Modular Force Field System, FMLFileResourcePack:MachineMuse's Modular Powersuits, FMLFileResourcePack:Morph, FMLFileResourcePack:Mutant Creatures, FMLFileResourcePack:Mystcraft, FMLFileResourcePack:Natura, FMLFileResourcePack:NEI Addons, FMLFileResourcePack:NEI Addons: Applied Energistics, FMLFileResourcePack:NEI Addons: Misc Peripherals, FMLFileResourcePack:NEI Addons: Extra Bees, FMLFileResourcePack:NEI Addons: Forestry, FMLFileResourcePack:NEI Addons: Crafting Tables, FMLFileResourcePack:NEI Addons: Ex Nihilo, FMLFileResourcePack:NEI Plugins, FMLFileResourcePack:NotEnoughCodecs, FMLFileResourcePack:Numina, FMLFileResourcePack:Obsidian Pressure Plates, FMLFileResourcePack:OpenBlocks, FMLFileResourcePack:OpenCCSensors, FMLFileResourcePack:OpenComputers, FMLFileResourcePack:OpenComputers (Core), FMLFileResourcePack:OpenMods, FMLFileResourcePack:OpenPeripheralAddons, FMLFileResourcePack:OpenPeripheralCore, FMLFileResourcePack:Opis, FMLFileResourcePack:MapWriter, FMLFileResourcePack:Pam's Get all the Seeds!, FMLFileResourcePack:Pam's HarvestCraft Base, FMLFileResourcePack:PluginsforForestry, FMLFileResourcePack:PortalGun, FMLFileResourcePack:Power Boxes, FMLFileResourcePack:Modular Powersuits Addon, FMLFileResourcePack:ProjectRed, FMLFileResourcePack:ProjectRed-Compatibility, FMLFileResourcePack:ProjectRed-Integration, FMLFileResourcePack:ProjectRed-Transmission, FMLFileResourcePack:ProjectRed-Illumination, FMLFileResourcePack:ProjectRed-Exploration, FMLFileResourcePack:Railcraft, FMLFileResourcePack:Random Things, FMLFileResourcePack:ReactorCraft, FMLFileResourcePack:RedLogic, FMLFileResourcePack:Redstone Arsenal, FMLFileResourcePack:Redstone Paste, FMLFileResourcePack:Xeno's Reliquary, FMLFileResourcePack:Remote IO, FMLFileResourcePack:ResonantEngine, FMLFileResourcePack:Resonant Induction Archaic, FMLFileResourcePack:Resonant Induction Atomic, FMLFileResourcePack:Resonant Induction Electrical, FMLFileResourcePack:Resonant Induction Mechanical, FMLFileResourcePack:Resonant Induction, FMLFileResourcePack:RotaryCraft, FMLFileResourcePack:Schematica, FMLFileResourcePack:Soul Shards Reborn, FMLFileResourcePack:Steve's Carts 2, FMLFileResourcePack:Super Crafting Frame, FMLFileResourcePack:Switches, FMLFileResourcePack:Tinkers' Construct, FMLFileResourcePack:Thaumcraft, FMLFileResourcePack:Thaumcraft Extras, FMLFileResourcePack:Thaumic Tinkerer, FMLFileResourcePack:Thermal Expansion, FMLFileResourcePack:Tinkers' Mechworks, FMLFileResourcePack:Traincraft, FMLFileResourcePack:Truss Mod, FMLFileResourcePack:Tubestuff, FMLFileResourcePack:The Twilight Forest, FMLFileResourcePack:Universal Electricity, FMLFileResourcePack:Useful TNT, FMLFileResourcePack:iChunUtil, FMLFileResourcePack:Utility Mobs, FMLFileResourcePack:Waila, FMLFileResourcePack:Witchery, FMLFileResourcePack:WR-CBE Addons, FMLFileResourcePack:WR-CBE Core, FMLFileResourcePack:WR-CBE Logic, FMLFileResourcePack:Forge Microblocks, FMLFileResourcePack:Forge Multipart, FMLFileResourcePack:Minecraft Multipart Plugin
2014-07-22 04:52:07 [CLIENT] [SEVERE] Using missing texture, unable to load: minecraft:textures/blocks/.png
2014-07-22 04:52:07 [CLIENT] [SEVERE] Using missing texture, unable to load: reactorcraft:textures/blocks/generator.png
2014-07-22 04:52:07 [CLIENT] [SEVERE] Using missing texture, unable to load: arsmagica2:textures/blocks/blockthorns_top.png
2014-07-22 04:52:07 [CLIENT] [SEVERE] Using missing texture, unable to load: ironchest:textures/blocks/dirtchest9000_top.png
2014-07-22 04:52:07 [CLIENT] [SEVERE] Using missing texture, unable to load: reactorcraft:textures/blocks/bigturbine.png
2014-07-22 04:52:07 [CLIENT] [SEVERE] Using missing texture, unable to load: ee3:textures/blocks/null.png
2014-07-22 04:52:07 [CLIENT] [SEVERE] Using missing texture, unable to load: reactorcraft:textures/blocks/turbinecore.png
2014-07-22 04:52:08 [CLIENT] [SEVERE] Using missing texture, unable to load: arsmagica2:textures/blocks/blockthorns_side.png
2014-07-22 04:52:08 [CLIENT] [SEVERE] Using missing texture, unable to load: reactorcraft:textures/blocks/flywheel.png
2014-07-22 04:52:08 [CLIENT] [SEVERE] Using missing texture, unable to load: missing_icon_tile_799_arsmagica2:textures/blocks/keystoneTrapdoor.png
2014-07-22 04:52:08 [CLIENT] [SEVERE] Using missing texture, unable to load: ironchest:textures/blocks/dirtchest9000_front.png
2014-07-22 04:52:08 [CLIENT] [SEVERE] Using missing texture, unable to load: resonantinduction:textures/blocks/electricHotPlate.png
2014-07-22 04:52:08 [CLIENT] [SEVERE] Using missing texture, unable to load: arsmagica2:textures/blocks/invisibleUtility.png
2014-07-22 04:52:08 [CLIENT] [SEVERE] Using missing texture, unable to load: botania:textures/blocks/pool.png
2014-07-22 04:52:08 [CLIENT] [SEVERE] Using missing texture, unable to load: reactorcraft:textures/blocks/magnetpipe.png
2014-07-22 04:52:08 [CLIENT] [SEVERE] Using missing texture, unable to load: advancedgenetics:textures/blocks/tile.dnatransmutator.name.png
2014-07-22 04:52:08 [CLIENT] [SEVERE] Using missing texture, unable to load: advancedgenetics:textures/blocks/tile.dnacombiner.name.png
2014-07-22 04:52:08 [CLIENT] [SEVERE] Using missing texture, unable to load: resonantinduction:textures/blocks/manipulator.png
2014-07-22 04:52:08 [CLIENT] [SEVERE] Using missing texture, unable to load: reactorcraft:textures/blocks/storage.png
2014-07-22 04:52:08 [CLIENT] [SEVERE] Using missing texture, unable to load: arsmagica2:textures/blocks/keystonechest.png
2014-07-22 04:52:08 [CLIENT] [SEVERE] Using missing texture, unable to load: reactorcraft:textures/blocks/grate.png
2014-07-22 04:52:08 [CLIENT] [SEVERE] Using missing texture, unable to load: advancedgenetics:textures/blocks/tile.dnaautosplitter.name.png
2014-07-22 04:52:08 [CLIENT] [SEVERE] Using missing texture, unable to load: arsmagica2:textures/blocks/arcane_empowerment_table_side.png
2014-07-22 04:52:08 [CLIENT] [SEVERE] Using missing texture, unable to load: arsmagica2:textures/blocks/essencenexus.png
2014-07-22 04:52:08 [CLIENT] [SEVERE] Using missing texture, unable to load: reactorcraft:textures/blocks/solenoid.png
2014-07-22 04:52:08 [CLIENT] [SEVERE] Using missing texture, unable to load: minecraft:textures/blocks/MISSING_ICON_TILE_4053_null.png
2014-07-22 04:52:08 [CLIENT] [SEVERE] Using missing texture, unable to load: resonantinduction:textures/blocks/uraniumOre_bottom.png
2014-07-22 04:52:08 [CLIENT] [SEVERE] Using missing texture, unable to load: forestry:textures/blocks/wood/planks.giganteum.png
2014-07-22 04:52:08 [CLIENT] [SEVERE] Using missing texture, unable to load: minecraft:textures/blocks/MISSING_ICON_TILE_3284_bookshelf.png
2014-07-22 04:52:08 [CLIENT] [SEVERE] Using missing texture, unable to load: arsmagica2:textures/blocks/blockthorns_bottom.png
2014-07-22 04:52:08 [CLIENT] [SEVERE] Using missing texture, unable to load: reactorcraft:textures/blocks/gaspipe.png
2014-07-22 04:52:08 [CLIENT] [SEVERE] Using missing texture, unable to load: reactorcraft:textures/blocks/magnet.png
2014-07-22 04:52:08 [CLIENT] [SEVERE] Using missing texture, unable to load: advancedgenetics:textures/blocks/tile.dnainsulator.name.png
2014-07-22 04:52:08 [CLIENT] [SEVERE] Using missing texture, unable to load: botania:textures/blocks/spreader.png
2014-07-22 04:52:08 [CLIENT] [SEVERE] Using missing texture, unable to load: reactorcraft:textures/blocks/marker.png
2014-07-22 04:52:08 [CLIENT] [SEVERE] Using missing texture, unable to load: minecraft:textures/blocks/MISSING_ICON_TILE_2997_null.png
2014-07-22 04:52:08 [CLIENT] [SEVERE] Using missing texture, unable to load: resonantinduction:textures/blocks/glass.png
2014-07-22 04:52:09 [CLIENT] [SEVERE] Using missing texture, unable to load: reactorcraft:textures/blocks/pump.png
2014-07-22 04:52:09 [CLIENT] [SEVERE] Using missing texture, unable to load: ironchest:textures/blocks/dirtchest9000_side.png
2014-07-22 04:52:09 [CLIENT] [SEVERE] Using missing texture, unable to load: ttinkerer:textures/blocks/repairer.png
2014-07-22 04:52:09 [CLIENT] [SEVERE] Using missing texture, unable to load: minecraft:textures/blocks/MISSING_ICON_TILE_2999_null.png
2014-07-22 04:52:09 [CLIENT] [SEVERE] Using missing texture, unable to load: advancedgenetics:textures/blocks/tile.dnabreeder.name.png
2014-07-22 04:52:09 [CLIENT] [SEVERE] Using missing texture, unable to load: ttinkerer:textures/blocks/magnet.png
2014-07-22 04:52:09 [CLIENT] [SEVERE] Using missing texture, unable to load: arsmagica2:textures/blocks/custom_block.png
2014-07-22 04:52:09 [CLIENT] [SEVERE] Using missing texture, unable to load: minecraft:textures/blocks/MISSING_ICON_ITEM_15245_openblocks.stencil.png
2014-07-22 04:52:09 [CLIENT] [SEVERE] Using missing texture, unable to load: botania:textures/blocks/pylon.png
2014-07-22 04:52:09 [CLIENT] [SEVERE] Using missing texture, unable to load: advancedgenetics:textures/blocks/tile.dnasplitter.name.png
2014-07-22 04:52:09 [CLIENT] [SEVERE] Using missing texture, unable to load: resonantinduction:textures/blocks/uraniumOre_top.png
2014-07-22 04:52:09 [CLIENT] [SEVERE] Using missing texture, unable to load: minecraft:textures/blocks/MISSING_ICON_TILE_2996_null.png
2014-07-22 04:52:09 [CLIENT] [SEVERE] Using missing texture, unable to load: arsmagica2:textures/blocks/arcanereconstructor.png
2014-07-22 04:52:09 [CLIENT] [SEVERE] Using missing texture, unable to load: advancedgenetics:textures/blocks/tile.dnaremover.name.png
2014-07-22 04:52:09 [CLIENT] [SEVERE] Using missing texture, unable to load: resonantinduction:textures/blocks/industrialStone.png
2014-07-22 04:52:09 [CLIENT] [SEVERE] Using missing texture, unable to load: minecraft:textures/blocks/MISSING_ICON_TILE_3705_extratrees.block.machine.png
2014-07-22 04:52:09 [CLIENT] [SEVERE] Using missing texture, unable to load: reactorcraft:textures/blocks/condenser.png
2014-07-22 04:52:09 [CLIENT] [SEVERE] Using missing texture, unable to load: resonant:textures/blocks/multiPart.png
2014-07-22 04:52:09 [CLIENT] [SEVERE] Using missing texture, unable to load: reactorcraft:textures/blocks/centrifuge.png
2014-07-22 04:52:09 [CLIENT] [SEVERE] Using missing texture, unable to load: minecraft:textures/blocks/MISSING_ICON_TILE_3942_extrabees.block.alveary.png
2014-07-22 04:52:09 [CLIENT] [SEVERE] Using missing texture, unable to load: missing_icon_tile_796_arsmagica2:textures/blocks/magic_sigil.png
2014-07-22 04:52:09 [CLIENT] [SEVERE] Using missing texture, unable to load: advancedgenetics:textures/blocks/tile.dnaanalyser.name.png
2014-07-22 04:52:09 [CLIENT] [SEVERE] Using missing texture, unable to load: advancedgenetics:textures/blocks/tile.dnaencoder.name.png
2014-07-22 04:52:09 [CLIENT] [SEVERE] Using missing texture, unable to load: advancedgenetics:textures/blocks/tile.centrifuge.name.png
2014-07-22 04:52:09 [CLIENT] [SEVERE] Using missing texture, unable to load: reactorcraft:textures/blocks/electrolyzer.png
2014-07-22 04:52:09 [CLIENT] [SEVERE] Using missing texture, unable to load: reactorcraft:textures/blocks/heavypump.png
2014-07-22 04:52:09 [CLIENT] [SEVERE] Using missing texture, unable to load: arsmagica2:textures/blocks/darknexus.png
2014-07-22 04:52:09 [CLIENT] [SEVERE] Using missing texture, unable to load: openblocks:textures/blocks/goldenegg.png
2014-07-22 04:52:09 [CLIENT] [SEVERE] Using missing texture, unable to load: minecraft:textures/blocks/MISSING_ICON_TILE_2998_null.png
2014-07-22 04:52:09 [CLIENT] [SEVERE] Using missing texture, unable to load: arsmagica2:textures/blocks/hiddenTile.png
2014-07-22 04:52:09 [CLIENT] [SEVERE] Using missing texture, unable to load: reactorcraft:textures/blocks/steamline.png
2014-07-22 04:52:09 [CLIENT] [SEVERE] Using missing texture, unable to load: reactorcraft:textures/blocks/collector.png
2014-07-22 04:52:09 [CLIENT] [SEVERE] Using missing texture, unable to load: minecraft:textures/blocks/skull.png
2014-07-22 04:52:09 [CLIENT] [SEVERE] Using missing texture, unable to load: reactorcraft:textures/blocks/processor.png
2014-07-22 04:52:09 [CLIENT] [SEVERE] Using missing texture, unable to load: arsmagica2:textures/blocks/lightnexus.png
2014-07-22 04:52:09 [CLIENT] [SEVERE] Using missing texture, unable to load: botania:textures/blocks/altar.png
2014-07-22 04:52:11 [CLIENT] [SEVERE] Using missing texture, unable to load: arsmagica2:textures/items/mana_scepter.png
2014-07-22 04:52:11 [CLIENT] [SEVERE] Using missing texture, unable to load: minecraft:textures/items/MISSING_ICON_ITEM_30808_item.bedrockshears.png
2014-07-22 04:52:11 [CLIENT] [SEVERE] Using missing texture, unable to load: resonantinduction:textures/items/pipe.png
2014-07-22 04:52:11 [CLIENT] [SEVERE] Using missing texture, unable to load: magicbees:textures/items/nuggetNickel.png
2014-07-22 04:52:11 [CLIENT] [SEVERE] Using missing texture, unable to load: missing_icon_item_20319_arsmagica2:textures/items/air_sled.png
2014-07-22 04:52:11 [CLIENT] [SEVERE] Using missing texture, unable to load: arsmagica2:textures/items/affinity_tome_magma.png
2014-07-22 04:52:11 [CLIENT] [SEVERE] Using missing texture, unable to load: forestry:textures/items/analyzer/natural.png
2014-07-22 04:52:11 [CLIENT] [SEVERE] Using missing texture, unable to load: ttinkerer:textures/items/ichorShovelGem.png
2014-07-22 04:52:11 [CLIENT] [SEVERE] Using missing texture, unable to load: missing_icon_item_20320_arsmagica2:textures/items/earth_armor.png
2014-07-22 04:52:11 [CLIENT] [SEVERE] Using missing texture, unable to load: factorization:textures/items/docbook.png
2014-07-22 04:52:12 [CLIENT] [SEVERE] Using missing texture, unable to load: forestry:textures/items/misc/liquid.png
2014-07-22 04:52:12 [CLIENT] [SEVERE] Using missing texture, unable to load: arsmagica2:textures/items/magic_broom.png
2014-07-22 04:52:13 [CLIENT] [SEVERE] Using missing texture, unable to load: minecraft:textures/items/MISSING_ICON_ITEM_18276_item.hazhelmet.png
2014-07-22 04:52:13 [CLIENT] [SEVERE] Using missing texture, unable to load: missing_icon_item_20318_arsmagica2:textures/items/winter_arm.png
2014-07-22 04:52:13 [CLIENT] [SEVERE] Using missing texture, unable to load: enderforest:textures/items/flowingender.png
2014-07-22 04:52:13 [CLIENT] [SEVERE] Using missing texture, unable to load: resonantinduction:textures/items/gear.png
2014-07-22 04:52:13 [CLIENT] [SEVERE] Using missing texture, unable to load: minecraft:textures/items/MISSING_ICON_ITEM_18279_item.hazboots.png
2014-07-22 04:52:13 [CLIENT] [SEVERE] Using missing texture, unable to load: ttinkerer:textures/items/ichorPickGem.png
2014-07-22 04:52:13 [CLIENT] [SEVERE] Using missing texture, unable to load: minecraft:textures/items/MISSING_ICON_ITEM_4277_Moon Calendar.png
2014-07-22 04:52:13 [CLIENT] [SEVERE] Using missing texture, unable to load: ttinkerer:textures/items/ichorSwordGem.png
2014-07-22 04:52:13 [CLIENT] [SEVERE] Using missing texture, unable to load: enderforest:textures/items/ender.png
2014-07-22 04:52:13 [CLIENT] [SEVERE] Using missing texture, unable to load: magicbees:textures/items/nuggetElectrum.png
2014-07-22 04:52:13 [CLIENT] [SEVERE] Using missing texture, unable to load: magicbees:textures/items/nuggetEnderium.png
2014-07-22 04:52:13 [CLIENT] [SEVERE] Using missing texture, unable to load: missing_icon_item_20321_arsmagica2:textures/items/water_orbs.png
2014-07-22 04:52:13 [CLIENT] [SEVERE] Using missing texture, unable to load: factorization:textures/items/charge_battery.png
2014-07-22 04:52:13 [CLIENT] [SEVERE] Using missing texture, unable to load: magicbees:textures/items/nuggetPlatinum.png
2014-07-22 04:52:13 [CLIENT] [SEVERE] Using missing texture, unable to load: resonantinduction:textures/items/laserDrill.png
2014-07-22 04:52:13 [CLIENT] [SEVERE] Using missing texture, unable to load: resonantinduction:textures/items/gearShaft.png
2014-07-22 04:52:13 [CLIENT] [SEVERE] Using missing texture, unable to load: magicbees:textures/items/nuggetInvar.png
2014-07-22 04:52:13 [CLIENT] [SEVERE] Using missing texture, unable to load: resonantinduction:textures/items/transformer.png
2014-07-22 04:52:13 [CLIENT] [SEVERE] Using missing texture, unable to load: forestry:textures/items/misc/empty.png
2014-07-22 04:52:13 [CLIENT] [SEVERE] Using missing texture, unable to load: resonantinduction:textures/items/quantumGlyph.png
2014-07-22 04:52:13 [CLIENT] [SEVERE] Using missing texture, unable to load: minecraft:textures/items/MISSING_ICON_ITEM_4856_null.png
2014-07-22 04:52:13 [CLIENT] [SEVERE] Using missing texture, unable to load: minecraft:textures/items/MISSING_ICON_ITEM_30809_item.steelshears.png
2014-07-22 04:52:13 [CLIENT] [SEVERE] Using missing texture, unable to load: minecraft:textures/items/MISSING_ICON_ITEM_18278_item.hazlegs.png
2014-07-22 04:52:13 [CLIENT] [SEVERE] Using missing texture, unable to load: ic2:textures/items/plasmaLauncher.png
2014-07-22 04:52:13 [CLIENT] [SEVERE] Using missing texture, unable to load: minecraft:textures/items/MISSING_ICON_ITEM_30804_item.bedrockhoe.png
2014-07-22 04:52:13 [CLIENT] [SEVERE] Using missing texture, unable to load: minecraft:textures/items/MISSING_ICON_ITEM_30806_item.bedrocksword.png
2014-07-22 04:52:13 [CLIENT] [SEVERE] Using missing texture, unable to load: magicbees:textures/items/nuggetBronze.png
2014-07-22 04:52:13 [CLIENT] [SEVERE] Using missing texture, unable to load: resonantinduction:textures/items/levitator.png
2014-07-22 04:52:13 [CLIENT] [SEVERE] Using missing texture, unable to load: minecraft:textures/items/MISSING_ICON_ITEM_18277_item.hazchest.png
2014-07-22 04:52:13 [CLIENT] [SEVERE] Using missing texture, unable to load: minecraft:textures/items/MISSING_ICON_ITEM_30805_item.steelhoe.png
2014-07-22 04:52:13 [CLIENT] [SEVERE] Using missing texture, unable to load: missing_icon_item_20322_arsmagica2:textures/items/fire_ears.png
2014-07-22 04:52:13 [CLIENT] [SEVERE] Using missing texture, unable to load: ttinkerer:textures/items/ichorAxeGem.png
2014-07-22 04:52:13 [CLIENT] [SEVERE] Using missing texture, unable to load: resonantinduction:textures/items/charger.png
2014-07-22 04:52:13 [CLIENT] [SEVERE] Using missing texture, unable to load: minecraft:textures/items/MISSING_ICON_ITEM_4996_minechem.itemFusionStar.png
2014-07-22 04:52:13 [CLIENT] [SEVERE] Using missing texture, unable to load: minecraft:textures/items/MISSING_ICON_ITEM_30807_item.steelsword.png
2014-07-22 04:52:13 [CLIENT] [SEVERE] Using missing texture, unable to load: minecraft:textures/items/MISSING_ICON_ITEM_31943_ccprogramdisk.png
2014-07-22 04:52:13 [CLIENT] [SEVERE] Using missing texture, unable to load: botania:textures/items/manaPetal.png
2014-07-22 04:52:13 [CLIENT] [SEVERE] Using missing texture, unable to load: resonantinduction:textures/items/multimeter.png
2014-07-22 05:04:14 [CLIENT] [INFO] Setting user: Tlacatecolototl
2014-07-22 05:04:14 [CLIENT] [INFO] LWJGL Version: 2.9.0
2014-07-22 05:04:15 [CLIENT] [INFO] Reloading ResourceManager: Default
2014-07-22 05:04:23 [CLIENT] [INFO] Reloading ResourceManager: Default, FMLFileResourcePack:Forge Mod Loader, FMLFileResourcePack:Minecraft Forge, FMLFileResourcePack:Not Enough Items, FMLFileResourcePack:OpenEye, FMLFileResourcePack:PowerCrystals Core, FMLFileResourcePack:DenEvents, FMLFileResourcePack:bspkrsCore, FMLFileResourcePack:WorldStateCheckpoints, FMLFileResourcePack:Advanced Machines, FMLFileResourcePack:Advanced Genetics, FMLFileResourcePack:Advanced Reactors, FMLFileResourcePack:Agent's Mod, FMLFileResourcePack:Agent's Mod, FMLFileResourcePack:Agent's Mod, FMLFileResourcePack:Agent's Mod, FMLFileResourcePack:Agent's Mod, FMLFileResourcePack:Agent's Mod, FMLFileResourcePack:Agent's Mod, FMLFileResourcePack:Agent's Mod, FMLFileResourcePack:Agent's Mod, FMLFileResourcePack:Agent's Mod, FMLFileResourcePack:Agent's Mod, FMLFileResourcePack:Agent's Mod, FMLFileResourcePack:Agent's Mod, FMLFileResourcePack:Agent's Mod, FMLFileResourcePack:Agent's Mod, FMLFileResourcePack:Agent's Mod, FMLFileResourcePack:Agent's Mod, FMLFileResourcePack:Agent's Mod, FMLFileResourcePack:Agent's Mod, FMLFileResourcePack:Agent's Mod, FMLFileResourcePack:Agent's Mod, FMLFileResourcePack:Agent's Mod, FMLFileResourcePack:Agent's Mod, FMLFileResourcePack:Agent's Mod, FMLFileResourcePack:Agent's Mod, FMLFileResourcePack:Ars Magica 2, FMLFileResourcePack:AnimationAPI, FMLFileResourcePack:Another One Bites The Dust, FMLFileResourcePack:Advanced Power Management, FMLFileResourcePack:Applied Energistics, FMLFileResourcePack:Archimedes' Ships, FMLFileResourcePack:Artifacts, FMLFileResourcePack:Autoutils, FMLFileResourcePack:Buildcraft Tools, FMLFileResourcePack:BD Lib, FMLFileResourcePack:BetterStorage, FMLFileResourcePack:BiblioCraft, FMLFileResourcePack:BiblioWoods Biomes O'Plenty Edition, FMLFileResourcePack:BiblioWoods ExtraBiomesXL Edition, FMLFileResourcePack:BiblioWoods Forestry Edition, FMLFileResourcePack:BiblioWoods Highlands Edition, FMLFileResourcePack:BiblioWoods Natura Edition, FMLFileResourcePack:Binnie Core, FMLFileResourcePack:Extra Bees, FMLFileResourcePack:Extra Trees, FMLFileResourcePack:Biomes O' Plenty, FMLFileResourcePack:AlchemicalWizardry, FMLFileResourcePack:Botania, FMLFileResourcePack:BC Builders, FMLFileResourcePack:BuildCraft, FMLFileResourcePack:BC Energy, FMLFileResourcePack:BC Factory, FMLFileResourcePack:BC Silicon, FMLFileResourcePack:BC Transport, FMLFileResourcePack:Additional Buildcraft Objects, FMLFileResourcePack:BuildCraftAddon, FMLFileResourcePack:Carpenter's Blocks, FMLFileResourcePack:Chisel, FMLFileResourcePack:CoFH Core, FMLFileResourcePack:CoFH Loot, FMLFileResourcePack:CoFH Masquerade, FMLFileResourcePack:CoFH Social, FMLFileResourcePack:CoFH World, FMLFileResourcePack:Compact Solar Arrays, FMLFileResourcePack:ComputerCraft, FMLFileResourcePack:Extended Mod Config, FMLFileResourcePack:CoroAI, FMLFileResourcePack:DrZhark's CustomSpawner, FMLFileResourcePack:DartCraft, FMLFileResourcePack:Defense, FMLFileResourcePack:DenPipes, FMLFileResourcePack:Dimensional Doors, FMLFileResourcePack:DragonAPI, FMLFileResourcePack:Dynamic Liquid Tanks 2, FMLFileResourcePack:Emasher Resource, FMLFileResourcePack:Enchanting Plus, FMLFileResourcePack:Ender Forest, FMLFileResourcePack:Ender IO, FMLFileResourcePack:EnderStorage, FMLFileResourcePack:Engineer's Toolbox, FMLFileResourcePack:EnhancedPortals, FMLFileResourcePack:Equivalency, FMLFileResourcePack:Equivalent Exchange 3, FMLFileResourcePack:Extended Renderer, FMLFileResourcePack:ExtrabiomesXL, FMLFileResourcePack:ExtraCells, FMLFileResourcePack:Extra Utilities, FMLFileResourcePack:Factorization Miscellaneous Nonsense, FMLFileResourcePack:Factorization Notification System, FMLFileResourcePack:Factorization Dimensional Slices, FMLFileResourcePack:Factorization, FMLFileResourcePack:DeathCounter, FMLFileResourcePack:Forbidden Magic, FMLFileResourcePack:Forestry for Minecraft, FMLFileResourcePack:Forestry Extras, FMLFileResourcePack:Gany's End, FMLFileResourcePack:Gany's Nether, FMLFileResourcePack:Gany's Surface, FMLFileResourcePack:GasCraft, FMLFileResourcePack:GateCopy, FMLFileResourcePack:GenDustry, FMLFileResourcePack:GeoStrata, FMLFileResourcePack:Greg's Lighting, FMLFileResourcePack:GregTech-Addon, FMLFileResourcePack:Hats, FMLFileResourcePack:Nuclear Control, FMLFileResourcePack:Immibis Core, FMLFileResourcePack:Immibis's Peripherals, FMLFileResourcePack:IndustrialCraft 2, FMLFileResourcePack:Infernal Mobs, FMLFileResourcePack:InfiniTubes, FMLFileResourcePack:Inventory Tweaks, FMLFileResourcePack:Iron Chest, FMLFileResourcePack:Keithy Utils, FMLFileResourcePack:Logistics Pipes, FMLFileResourcePack:LomLib, FMLFileResourcePack:Mad Science, FMLFileResourcePack:Magical Crops, FMLFileResourcePack:Magical Crops - Crops & Food, FMLFileResourcePack:Magic Bees, FMLFileResourcePack:Mekanism, FMLFileResourcePack:MekanismGenerators, FMLFileResourcePack:MekanismTools, FMLFileResourcePack:MineChem, FMLFileResourcePack:MFR Compat Forestry Trees, FMLFileResourcePack:MFR Compat Extra Trees, FMLFileResourcePack:MineFactory Reloaded, FMLFileResourcePack:MFR Compat: Applied Energistics, FMLFileResourcePack:MFR Compat: Atum, FMLFileResourcePack:MFR Compat: BackTools, FMLFileResourcePack:MFR Compat: BuildCraft, FMLFileResourcePack:MFR Compat: Chococraft, FMLFileResourcePack:MFR Compat: ExtraBiomes, FMLFileResourcePack:MFR Compat: Forestry, FMLFileResourcePack:MFR Compat: Forestry (part 2), FMLFileResourcePack:MFR Compat: ForgeMicroblock, FMLFileResourcePack:MFR Compat: IC2, FMLFileResourcePack:MFR Compat: Mystcraft, FMLFileResourcePack:MFR Compat: Pam's Mods, FMLFileResourcePack:MFR Compat ProjectRed, FMLFileResourcePack:MFR Compat: Railcraft, FMLFileResourcePack:MFR Compat: RP2, FMLFileResourcePack:MFR Compat: Sufficient Biomes, FMLFileResourcePack:MFR Compat: Thaumcraft, FMLFileResourcePack:MFR Compat: Thermal Expansion, FMLFileResourcePack:MFR Compat: TwilightForest, FMLFileResourcePack:MFR Compat: Vanilla, FMLFileResourcePack:MFR Compat: XyCraft, FMLFileResourcePack:NetherStuffs, FMLFileResourcePack:Build Mod, FMLFileResourcePack:Modular Force Field System, FMLFileResourcePack:MachineMuse's Modular Powersuits, FMLFileResourcePack:Morph, FMLFileResourcePack:Mutant Creatures, FMLFileResourcePack:Mystcraft, FMLFileResourcePack:Natura, FMLFileResourcePack:NEI Addons, FMLFileResourcePack:NEI Addons: Applied Energistics, FMLFileResourcePack:NEI Addons: Misc Peripherals, FMLFileResourcePack:NEI Addons: Extra Bees, FMLFileResourcePack:NEI Addons: Forestry, FMLFileResourcePack:NEI Addons: Crafting Tables, FMLFileResourcePack:NEI Addons: Ex Nihilo, FMLFileResourcePack:NEI Plugins, FMLFileResourcePack:NotEnoughCodecs, FMLFileResourcePack:Numina, FMLFileResourcePack:Obsidian Pressure Plates, FMLFileResourcePack:OpenBlocks, FMLFileResourcePack:OpenCCSensors, FMLFileResourcePack:OpenComputers, FMLFileResourcePack:OpenComputers (Core), FMLFileResourcePack:OpenMods, FMLFileResourcePack:OpenPeripheralAddons, FMLFileResourcePack:OpenPeripheralCore, FMLFileResourcePack:Opis, FMLFileResourcePack:MapWriter, FMLFileResourcePack:Pam's Get all the Seeds!, FMLFileResourcePack:Pam's HarvestCraft Base, FMLFileResourcePack:PluginsforForestry, FMLFileResourcePack:PortalGun, FMLFileResourcePack:Power Boxes, FMLFileResourcePack:Modular Powersuits Addon, FMLFileResourcePack:ProjectRed, FMLFileResourcePack:ProjectRed-Compatibility, FMLFileResourcePack:ProjectRed-Integration, FMLFileResourcePack:ProjectRed-Transmission, FMLFileResourcePack:ProjectRed-Illumination, FMLFileResourcePack:ProjectRed-Exploration, FMLFileResourcePack:Railcraft, FMLFileResourcePack:Random Things, FMLFileResourcePack:ReactorCraft, FMLFileResourcePack:RedLogic, FMLFileResourcePack:Redstone Arsenal, FMLFileResourcePack:Redstone Paste, FMLFileResourcePack:Xeno's Reliquary, FMLFileResourcePack:Remote IO, FMLFileResourcePack:ResonantEngine, FMLFileResourcePack:Resonant Induction Archaic, FMLFileResourcePack:Resonant Induction Atomic, FMLFileResourcePack:Resonant Induction Electrical, FMLFileResourcePack:Resonant Induction Mechanical, FMLFileResourcePack:Resonant Induction, FMLFileResourcePack:RotaryCraft, FMLFileResourcePack:Schematica, FMLFileResourcePack:Soul Shards Reborn, FMLFileResourcePack:Steve's Carts 2, FMLFileResourcePack:Super Crafting Frame, FMLFileResourcePack:Switches, FMLFileResourcePack:Tinkers' Construct, FMLFileResourcePack:Thaumcraft, FMLFileResourcePack:Thaumcraft Extras, FMLFileResourcePack:Thaumic Tinkerer, FMLFileResourcePack:Thermal Expansion, FMLFileResourcePack:Tinkers' Mechworks, FMLFileResourcePack:Traincraft, FMLFileResourcePack:Truss Mod, FMLFileResourcePack:Tubestuff, FMLFileResourcePack:The Twilight Forest, FMLFileResourcePack:Universal Electricity, FMLFileResourcePack:Useful TNT, FMLFileResourcePack:iChunUtil, FMLFileResourcePack:Utility Mobs, FMLFileResourcePack:Waila, FMLFileResourcePack:Witchery, FMLFileResourcePack:WR-CBE Addons, FMLFileResourcePack:WR-CBE Core, FMLFileResourcePack:WR-CBE Logic, FMLFileResourcePack:Forge Microblocks, FMLFileResourcePack:Forge Multipart, FMLFileResourcePack:Minecraft Multipart Plugin
2014-07-22 05:05:08 [CLIENT] [SEVERE] Using missing texture, unable to load: minecraft:textures/blocks/.png
2014-07-22 05:05:08 [CLIENT] [SEVERE] Using missing texture, unable to load: reactorcraft:textures/blocks/generator.png
2014-07-22 05:05:08 [CLIENT] [SEVERE] Using missing texture, unable to load: arsmagica2:textures/blocks/blockthorns_top.png
2014-07-22 05:05:08 [CLIENT] [SEVERE] Using missing texture, unable to load: ironchest:textures/blocks/dirtchest9000_top.png
2014-07-22 05:05:08 [CLIENT] [SEVERE] Using missing texture, unable to load: reactorcraft:textures/blocks/bigturbine.png
2014-07-22 05:05:08 [CLIENT] [SEVERE] Using missing texture, unable to load: ee3:textures/blocks/null.png
2014-07-22 05:05:08 [CLIENT] [SEVERE] Using missing texture, unable to load: reactorcraft:textures/blocks/turbinecore.png
2014-07-22 05:05:08 [CLIENT] [SEVERE] Using missing texture, unable to load: arsmagica2:textures/blocks/blockthorns_side.png
2014-07-22 05:05:08 [CLIENT] [SEVERE] Using missing texture, unable to load: reactorcraft:textures/blocks/flywheel.png
2014-07-22 05:05:08 [CLIENT] [SEVERE] Using missing texture, unable to load: missing_icon_tile_799_arsmagica2:textures/blocks/keystoneTrapdoor.png
2014-07-22 05:05:08 [CLIENT] [SEVERE] Using missing texture, unable to load: ironchest:textures/blocks/dirtchest9000_front.png
2014-07-22 05:05:08 [CLIENT] [SEVERE] Using missing texture, unable to load: resonantinduction:textures/blocks/electricHotPlate.png
2014-07-22 05:05:08 [CLIENT] [SEVERE] Using missing texture, unable to load: arsmagica2:textures/blocks/invisibleUtility.png
2014-07-22 05:05:08 [CLIENT] [SEVERE] Using missing texture, unable to load: botania:textures/blocks/pool.png
2014-07-22 05:05:08 [CLIENT] [SEVERE] Using missing texture, unable to load: reactorcraft:textures/blocks/magnetpipe.png
2014-07-22 05:05:08 [CLIENT] [SEVERE] Using missing texture, unable to load: advancedgenetics:textures/blocks/tile.dnatransmutator.name.png
2014-07-22 05:05:08 [CLIENT] [SEVERE] Using missing texture, unable to load: advancedgenetics:textures/blocks/tile.dnacombiner.name.png
2014-07-22 05:05:08 [CLIENT] [SEVERE] Using missing texture, unable to load: resonantinduction:textures/blocks/manipulator.png
2014-07-22 05:05:08 [CLIENT] [SEVERE] Using missing texture, unable to load: reactorcraft:textures/blocks/storage.png
2014-07-22 05:05:08 [CLIENT] [SEVERE] Using missing texture, unable to load: arsmagica2:textures/blocks/keystonechest.png
2014-07-22 05:05:08 [CLIENT] [SEVERE] Using missing texture, unable to load: reactorcraft:textures/blocks/grate.png
2014-07-22 05:05:08 [CLIENT] [SEVERE] Using missing texture, unable to load: advancedgenetics:textures/blocks/tile.dnaautosplitter.name.png
2014-07-22 05:05:08 [CLIENT] [SEVERE] Using missing texture, unable to load: arsmagica2:textures/blocks/arcane_empowerment_table_side.png
2014-07-22 05:05:08 [CLIENT] [SEVERE] Using missing texture, unable to load: arsmagica2:textures/blocks/essencenexus.png
2014-07-22 05:05:08 [CLIENT] [SEVERE] Using missing texture, unable to load: reactorcraft:textures/blocks/solenoid.png
2014-07-22 05:05:08 [CLIENT] [SEVERE] Using missing texture, unable to load: minecraft:textures/blocks/MISSING_ICON_TILE_4053_null.png
2014-07-22 05:05:08 [CLIENT] [SEVERE] Using missing texture, unable to load: resonantinduction:textures/blocks/uraniumOre_bottom.png
2014-07-22 05:05:08 [CLIENT] [SEVERE] Using missing texture, unable to load: forestry:textures/blocks/wood/planks.giganteum.png
2014-07-22 05:05:09 [CLIENT] [SEVERE] Using missing texture, unable to load: minecraft:textures/blocks/MISSING_ICON_TILE_3284_bookshelf.png
2014-07-22 05:05:09 [CLIENT] [SEVERE] Using missing texture, unable to load: arsmagica2:textures/blocks/blockthorns_bottom.png
2014-07-22 05:05:09 [CLIENT] [SEVERE] Using missing texture, unable to load: reactorcraft:textures/blocks/gaspipe.png
2014-07-22 05:05:09 [CLIENT] [SEVERE] Using missing texture, unable to load: reactorcraft:textures/blocks/magnet.png
2014-07-22 05:05:09 [CLIENT] [SEVERE] Using missing texture, unable to load: advancedgenetics:textures/blocks/tile.dnainsulator.name.png
2014-07-22 05:05:09 [CLIENT] [SEVERE] Using missing texture, unable to load: botania:textures/blocks/spreader.png
2014-07-22 05:05:09 [CLIENT] [SEVERE] Using missing texture, unable to load: reactorcraft:textures/blocks/marker.png
2014-07-22 05:05:09 [CLIENT] [SEVERE] Using missing texture, unable to load: minecraft:textures/blocks/MISSING_ICON_TILE_2997_null.png
2014-07-22 05:05:09 [CLIENT] [SEVERE] Using missing texture, unable to load: resonantinduction:textures/blocks/glass.png
2014-07-22 05:05:09 [CLIENT] [SEVERE] Using missing texture, unable to load: reactorcraft:textures/blocks/pump.png
2014-07-22 05:05:09 [CLIENT] [SEVERE] Using missing texture, unable to load: ironchest:textures/blocks/dirtchest9000_side.png
2014-07-22 05:05:09 [CLIENT] [SEVERE] Using missing texture, unable to load: ttinkerer:textures/blocks/repairer.png
2014-07-22 05:05:09 [CLIENT] [SEVERE] Using missing texture, unable to load: minecraft:textures/blocks/MISSING_ICON_TILE_2999_null.png
2014-07-22 05:05:09 [CLIENT] [SEVERE] Using missing texture, unable to load: advancedgenetics:textures/blocks/tile.dnabreeder.name.png
2014-07-22 05:05:09 [CLIENT] [SEVERE] Using missing texture, unable to load: ttinkerer:textures/blocks/magnet.png
2014-07-22 05:05:09 [CLIENT] [SEVERE] Using missing texture, unable to load: arsmagica2:textures/blocks/custom_block.png
2014-07-22 05:05:09 [CLIENT] [SEVERE] Using missing texture, unable to load: minecraft:textures/blocks/MISSING_ICON_ITEM_15245_openblocks.stencil.png
2014-07-22 05:05:09 [CLIENT] [SEVERE] Using missing texture, unable to load: botania:textures/blocks/pylon.png
2014-07-22 05:05:09 [CLIENT] [SEVERE] Using missing texture, unable to load: advancedgenetics:textures/blocks/tile.dnasplitter.name.png
2014-07-22 05:05:09 [CLIENT] [SEVERE] Using missing texture, unable to load: resonantinduction:textures/blocks/uraniumOre_top.png
2014-07-22 05:05:09 [CLIENT] [SEVERE] Using missing texture, unable to load: minecraft:textures/blocks/MISSING_ICON_TILE_2996_null.png
2014-07-22 05:05:09 [CLIENT] [SEVERE] Using missing texture, unable to load: arsmagica2:textures/blocks/arcanereconstructor.png
2014-07-22 05:05:09 [CLIENT] [SEVERE] Using missing texture, unable to load: advancedgenetics:textures/blocks/tile.dnaremover.name.png
2014-07-22 05:05:09 [CLIENT] [SEVERE] Using missing texture, unable to load: resonantinduction:textures/blocks/industrialStone.png
2014-07-22 05:05:09 [CLIENT] [SEVERE] Using missing texture, unable to load: minecraft:textures/blocks/MISSING_ICON_TILE_3705_extratrees.block.machine.png
2014-07-22 05:05:09 [CLIENT] [SEVERE] Using missing texture, unable to load: reactorcraft:textures/blocks/condenser.png
2014-07-22 05:05:09 [CLIENT] [SEVERE] Using missing texture, unable to load: resonant:textures/blocks/multiPart.png
2014-07-22 05:05:09 [CLIENT] [SEVERE] Using missing texture, unable to load: reactorcraft:textures/blocks/centrifuge.png
2014-07-22 05:05:09 [CLIENT] [SEVERE] Using missing texture, unable to load: minecraft:textures/blocks/MISSING_ICON_TILE_3942_extrabees.block.alveary.png
2014-07-22 05:05:09 [CLIENT] [SEVERE] Using missing texture, unable to load: missing_icon_tile_796_arsmagica2:textures/blocks/magic_sigil.png
2014-07-22 05:05:09 [CLIENT] [SEVERE] Using missing texture, unable to load: advancedgenetics:textures/blocks/tile.dnaanalyser.name.png
2014-07-22 05:05:09 [CLIENT] [SEVERE] Using missing texture, unable to load: advancedgenetics:textures/blocks/tile.dnaencoder.name.png
2014-07-22 05:05:09 [CLIENT] [SEVERE] Using missing texture, unable to load: advancedgenetics:textures/blocks/tile.centrifuge.name.png
2014-07-22 05:05:09 [CLIENT] [SEVERE] Using missing texture, unable to load: reactorcraft:textures/blocks/electrolyzer.png
2014-07-22 05:05:09 [CLIENT] [SEVERE] Using missing texture, unable to load: reactorcraft:textures/blocks/heavypump.png
2014-07-22 05:05:09 [CLIENT] [SEVERE] Using missing texture, unable to load: arsmagica2:textures/blocks/darknexus.png
2014-07-22 05:05:09 [CLIENT] [SEVERE] Using missing texture, unable to load: openblocks:textures/blocks/goldenegg.png
2014-07-22 05:05:09 [CLIENT] [SEVERE] Using missing texture, unable to load: minecraft:textures/blocks/MISSING_ICON_TILE_2998_null.png
2014-07-22 05:05:09 [CLIENT] [SEVERE] Using missing texture, unable to load: arsmagica2:textures/blocks/hiddenTile.png
2014-07-22 05:05:09 [CLIENT] [SEVERE] Using missing texture, unable to load: reactorcraft:textures/blocks/steamline.png
2014-07-22 05:05:09 [CLIENT] [SEVERE] Using missing texture, unable to load: reactorcraft:textures/blocks/collector.png
2014-07-22 05:05:10 [CLIENT] [SEVERE] Using missing texture, unable to load: minecraft:textures/blocks/skull.png
2014-07-22 05:05:10 [CLIENT] [SEVERE] Using missing texture, unable to load: reactorcraft:textures/blocks/processor.png
2014-07-22 05:05:10 [CLIENT] [SEVERE] Using missing texture, unable to load: arsmagica2:textures/blocks/lightnexus.png
2014-07-22 05:05:10 [CLIENT] [SEVERE] Using missing texture, unable to load: botania:textures/blocks/altar.png
2014-07-22 05:05:11 [CLIENT] [SEVERE] Using missing texture, unable to load: arsmagica2:textures/items/mana_scepter.png
2014-07-22 05:05:11 [CLIENT] [SEVERE] Using missing texture, unable to load: minecraft:textures/items/MISSING_ICON_ITEM_30808_item.bedrockshears.png
2014-07-22 05:05:11 [CLIENT] [SEVERE] Using missing texture, unable to load: resonantinduction:textures/items/pipe.png
2014-07-22 05:05:11 [CLIENT] [SEVERE] Using missing texture, unable to load: magicbees:textures/items/nuggetNickel.png
2014-07-22 05:05:11 [CLIENT] [SEVERE] Using missing texture, unable to load: missing_icon_item_20319_arsmagica2:textures/items/air_sled.png
2014-07-22 05:05:11 [CLIENT] [SEVERE] Using missing texture, unable to load: arsmagica2:textures/items/affinity_tome_magma.png
2014-07-22 05:05:11 [CLIENT] [SEVERE] Using missing texture, unable to load: forestry:textures/items/analyzer/natural.png
2014-07-22 05:05:11 [CLIENT] [SEVERE] Using missing texture, unable to load: ttinkerer:textures/items/ichorShovelGem.png
2014-07-22 05:05:11 [CLIENT] [SEVERE] Using missing texture, unable to load: missing_icon_item_20320_arsmagica2:textures/items/earth_armor.png
2014-07-22 05:05:11 [CLIENT] [SEVERE] Using missing texture, unable to load: factorization:textures/items/docbook.png
2014-07-22 05:05:12 [CLIENT] [SEVERE] Using missing texture, unable to load: forestry:textures/items/misc/liquid.png
2014-07-22 05:05:12 [CLIENT] [SEVERE] Using missing texture, unable to load: arsmagica2:textures/items/magic_broom.png
2014-07-22 05:05:13 [CLIENT] [SEVERE] Using missing texture, unable to load: minecraft:textures/items/MISSING_ICON_ITEM_18276_item.hazhelmet.png
2014-07-22 05:05:13 [CLIENT] [SEVERE] Using missing texture, unable to load: missing_icon_item_20318_arsmagica2:textures/items/winter_arm.png
2014-07-22 05:05:13 [CLIENT] [SEVERE] Using missing texture, unable to load: enderforest:textures/items/flowingender.png
2014-07-22 05:05:13 [CLIENT] [SEVERE] Using missing texture, unable to load: resonantinduction:textures/items/gear.png
2014-07-22 05:05:13 [CLIENT] [SEVERE] Using missing texture, unable to load: minecraft:textures/items/MISSING_ICON_ITEM_18279_item.hazboots.png
2014-07-22 05:05:13 [CLIENT] [SEVERE] Using missing texture, unable to load: ttinkerer:textures/items/ichorPickGem.png
2014-07-22 05:05:13 [CLIENT] [SEVERE] Using missing texture, unable to load: minecraft:textures/items/MISSING_ICON_ITEM_4277_Moon Calendar.png
2014-07-22 05:05:13 [CLIENT] [SEVERE] Using missing texture, unable to load: ttinkerer:textures/items/ichorSwordGem.png
2014-07-22 05:05:13 [CLIENT] [SEVERE] Using missing texture, unable to load: enderforest:textures/items/ender.png
2014-07-22 05:05:13 [CLIENT] [SEVERE] Using missing texture, unable to load: magicbees:textures/items/nuggetElectrum.png
2014-07-22 05:05:13 [CLIENT] [SEVERE] Using missing texture, unable to load: magicbees:textures/items/nuggetEnderium.png
2014-07-22 05:05:13 [CLIENT] [SEVERE] Using missing texture, unable to load: missing_icon_item_20321_arsmagica2:textures/items/water_orbs.png
2014-07-22 05:05:13 [CLIENT] [SEVERE] Using missing texture, unable to load: factorization:textures/items/charge_battery.png
2014-07-22 05:05:13 [CLIENT] [SEVERE] Using missing texture, unable to load: magicbees:textures/items/nuggetPlatinum.png
2014-07-22 05:05:13 [CLIENT] [SEVERE] Using missing texture, unable to load: resonantinduction:textures/items/laserDrill.png
2014-07-22 05:05:13 [CLIENT] [SEVERE] Using missing texture, unable to load: resonantinduction:textures/items/gearShaft.png
2014-07-22 05:05:13 [CLIENT] [SEVERE] Using missing texture, unable to load: magicbees:textures/items/nuggetInvar.png
2014-07-22 05:05:13 [CLIENT] [SEVERE] Using missing texture, unable to load: resonantinduction:textures/items/transformer.png
2014-07-22 05:05:13 [CLIENT] [SEVERE] Using missing texture, unable to load: forestry:textures/items/misc/empty.png
2014-07-22 05:05:13 [CLIENT] [SEVERE] Using missing texture, unable to load: resonantinduction:textures/items/quantumGlyph.png
2014-07-22 05:05:13 [CLIENT] [SEVERE] Using missing texture, unable to load: minecraft:textures/items/MISSING_ICON_ITEM_4856_null.png
2014-07-22 05:05:13 [CLIENT] [SEVERE] Using missing texture, unable to load: minecraft:textures/items/MISSING_ICON_ITEM_30809_item.steelshears.png
2014-07-22 05:05:13 [CLIENT] [SEVERE] Using missing texture, unable to load: minecraft:textures/items/MISSING_ICON_ITEM_18278_item.hazlegs.png
2014-07-22 05:05:13 [CLIENT] [SEVERE] Using missing texture, unable to load: ic2:textures/items/plasmaLauncher.png
2014-07-22 05:05:13 [CLIENT] [SEVERE] Using missing texture, unable to load: minecraft:textures/items/MISSING_ICON_ITEM_30804_item.bedrockhoe.png
2014-07-22 05:05:13 [CLIENT] [SEVERE] Using missing texture, unable to load: minecraft:textures/items/MISSING_ICON_ITEM_30806_item.bedrocksword.png
2014-07-22 05:05:13 [CLIENT] [SEVERE] Using missing texture, unable to load: magicbees:textures/items/nuggetBronze.png
2014-07-22 05:05:13 [CLIENT] [SEVERE] Using missing texture, unable to load: resonantinduction:textures/items/levitator.png
2014-07-22 05:05:13 [CLIENT] [SEVERE] Using missing texture, unable to load: minecraft:textures/items/MISSING_ICON_ITEM_18277_item.hazchest.png
2014-07-22 05:05:13 [CLIENT] [SEVERE] Using missing texture, unable to load: minecraft:textures/items/MISSING_ICON_ITEM_30805_item.steelhoe.png
2014-07-22 05:05:13 [CLIENT] [SEVERE] Using missing texture, unable to load: missing_icon_item_20322_arsmagica2:textures/items/fire_ears.png
2014-07-22 05:05:13 [CLIENT] [SEVERE] Using missing texture, unable to load: ttinkerer:textures/items/ichorAxeGem.png
2014-07-22 05:05:13 [CLIENT] [SEVERE] Using missing texture, unable to load: resonantinduction:textures/items/charger.png
2014-07-22 05:05:13 [CLIENT] [SEVERE] Using missing texture, unable to load: minecraft:textures/items/MISSING_ICON_ITEM_4996_minechem.itemFusionStar.png
2014-07-22 05:05:13 [CLIENT] [SEVERE] Using missing texture, unable to load: minecraft:textures/items/MISSING_ICON_ITEM_30807_item.steelsword.png
2014-07-22 05:05:13 [CLIENT] [SEVERE] Using missing texture, unable to load: minecraft:textures/items/MISSING_ICON_ITEM_31943_ccprogramdisk.png
2014-07-22 05:05:13 [CLIENT] [SEVERE] Using missing texture, unable to load: botania:textures/items/manaPetal.png
2014-07-22 05:05:13 [CLIENT] [SEVERE] Using missing texture, unable to load: resonantinduction:textures/items/multimeter.png
