2014-07-19 20:16:37 [FINEST] Sent event FMLConstructionEvent to mod Schematica
2014-07-19 20:17:05 [FINEST] Sending event FMLPreInitializationEvent to mod Schematica
2014-07-19 20:17:05 [FINEST] Sent event FMLPreInitializationEvent to mod Schematica
2014-07-19 20:17:33 [FINEST] Sending event FMLInitializationEvent to mod Schematica
2014-07-19 20:17:33 [FINEST] Sent event FMLInitializationEvent to mod Schematica
2014-07-19 20:17:35 [FINEST] Sending event IMCEvent to mod Schematica
2014-07-19 20:17:35 [FINEST] Sent event IMCEvent to mod Schematica
2014-07-19 20:17:46 [FINEST] Sending event FMLPostInitializationEvent to mod Schematica
2014-07-19 20:17:46 [INFO] Reading aliasVanilla.properties...
2014-07-19 20:17:46 [INFO] Reading flipVanilla.properties...
2014-07-19 20:17:46 [INFO] Reading rotationVanilla.properties...
2014-07-19 20:17:46 [FINEST] Sent event FMLPostInitializationEvent to mod Schematica
2014-07-19 20:17:48 [FINEST] Sending event FMLLoadCompleteEvent to mod Schematica
2014-07-19 20:17:48 [FINEST] Sent event FMLLoadCompleteEvent to mod Schematica
2014-07-19 20:18:13 [FINEST] Sending event FMLServerAboutToStartEvent to mod Schematica
2014-07-19 20:18:13 [FINEST] Sent event FMLServerAboutToStartEvent to mod Schematica
2014-07-19 20:18:45 [FINEST] Sending event FMLServerStartingEvent to mod Schematica
2014-07-19 20:18:45 [FINEST] Sent event FMLServerStartingEvent to mod Schematica
2014-07-19 20:18:45 [FINEST] Sending event FMLServerStartedEvent to mod Schematica
2014-07-19 20:18:45 [FINEST] Sent event FMLServerStartedEvent to mod Schematica
2014-07-19 20:19:37 [FINEST] Sending event FMLServerStoppingEvent to mod Schematica
2014-07-19 20:19:37 [FINEST] Sent event FMLServerStoppingEvent to mod Schematica
2014-07-19 20:21:12 [FINEST] Sent event FMLConstructionEvent to mod Schematica
2014-07-19 20:21:39 [FINEST] Sending event FMLPreInitializationEvent to mod Schematica
2014-07-19 20:21:39 [FINEST] Sent event FMLPreInitializationEvent to mod Schematica
2014-07-19 20:22:10 [FINEST] Sending event FMLInitializationEvent to mod Schematica
2014-07-19 20:22:10 [FINEST] Sent event FMLInitializationEvent to mod Schematica
2014-07-19 20:22:13 [FINEST] Sending event IMCEvent to mod Schematica
2014-07-19 20:22:13 [FINEST] Sent event IMCEvent to mod Schematica
2014-07-19 20:22:26 [FINEST] Sending event FMLPostInitializationEvent to mod Schematica
2014-07-19 20:22:26 [INFO] Reading aliasVanilla.properties...
2014-07-19 20:22:26 [INFO] Reading flipVanilla.properties...
2014-07-19 20:22:26 [INFO] Reading rotationVanilla.properties...
2014-07-19 20:22:26 [FINEST] Sent event FMLPostInitializationEvent to mod Schematica
2014-07-19 23:13:55 [FINEST] Sent event FMLConstructionEvent to mod Schematica
2014-07-19 23:14:22 [FINEST] Sending event FMLPreInitializationEvent to mod Schematica
2014-07-19 23:14:22 [FINEST] Sent event FMLPreInitializationEvent to mod Schematica
2014-07-19 23:14:49 [FINEST] Sending event FMLInitializationEvent to mod Schematica
2014-07-19 23:14:49 [FINEST] Sent event FMLInitializationEvent to mod Schematica
2014-07-19 23:14:52 [FINEST] Sending event IMCEvent to mod Schematica
2014-07-19 23:14:52 [FINEST] Sent event IMCEvent to mod Schematica
2014-07-19 23:15:02 [FINEST] Sending event FMLPostInitializationEvent to mod Schematica
2014-07-19 23:15:02 [INFO] Reading aliasVanilla.properties...
2014-07-19 23:15:02 [INFO] Reading flipVanilla.properties...
2014-07-19 23:15:02 [INFO] Reading rotationVanilla.properties...
2014-07-19 23:15:02 [FINEST] Sent event FMLPostInitializationEvent to mod Schematica
2014-07-19 23:15:04 [FINEST] Sending event FMLLoadCompleteEvent to mod Schematica
2014-07-19 23:15:04 [FINEST] Sent event FMLLoadCompleteEvent to mod Schematica
2014-07-20 02:39:50 [FINEST] Sending event FMLServerAboutToStartEvent to mod Schematica
2014-07-20 02:39:50 [FINEST] Sent event FMLServerAboutToStartEvent to mod Schematica
2014-07-20 02:40:27 [FINEST] Sending event FMLServerStartingEvent to mod Schematica
2014-07-20 02:40:27 [FINEST] Sent event FMLServerStartingEvent to mod Schematica
2014-07-20 02:40:27 [FINEST] Sending event FMLServerStartedEvent to mod Schematica
2014-07-20 02:40:27 [FINEST] Sent event FMLServerStartedEvent to mod Schematica
2014-07-20 02:42:05 [FINEST] Sending event FMLServerStoppingEvent to mod Schematica
2014-07-20 02:42:05 [FINEST] Sent event FMLServerStoppingEvent to mod Schematica
2014-07-20 02:59:36 [FINEST] Sent event FMLConstructionEvent to mod Schematica
2014-07-20 03:00:02 [FINEST] Sending event FMLPreInitializationEvent to mod Schematica
2014-07-20 03:00:02 [FINEST] Sent event FMLPreInitializationEvent to mod Schematica
2014-07-20 03:00:31 [FINEST] Sending event FMLInitializationEvent to mod Schematica
2014-07-20 03:00:31 [FINEST] Sent event FMLInitializationEvent to mod Schematica
2014-07-20 03:00:34 [FINEST] Sending event IMCEvent to mod Schematica
2014-07-20 03:00:34 [FINEST] Sent event IMCEvent to mod Schematica
2014-07-20 03:00:43 [FINEST] Sending event FMLPostInitializationEvent to mod Schematica
2014-07-20 03:00:43 [INFO] Reading aliasVanilla.properties...
2014-07-20 03:00:43 [INFO] Reading flipVanilla.properties...
2014-07-20 03:00:43 [INFO] Reading rotationVanilla.properties...
2014-07-20 03:00:43 [FINEST] Sent event FMLPostInitializationEvent to mod Schematica
2014-07-20 03:00:46 [FINEST] Sending event FMLLoadCompleteEvent to mod Schematica
2014-07-20 03:00:46 [FINEST] Sent event FMLLoadCompleteEvent to mod Schematica
2014-07-20 03:01:07 [FINEST] Sending event FMLServerAboutToStartEvent to mod Schematica
2014-07-20 03:01:07 [FINEST] Sent event FMLServerAboutToStartEvent to mod Schematica
2014-07-20 03:01:44 [FINEST] Sending event FMLServerStartingEvent to mod Schematica
2014-07-20 03:01:44 [FINEST] Sent event FMLServerStartingEvent to mod Schematica
2014-07-20 03:01:44 [FINEST] Sending event FMLServerStartedEvent to mod Schematica
2014-07-20 03:01:44 [FINEST] Sent event FMLServerStartedEvent to mod Schematica
2014-07-20 03:04:05 [FINEST] Sending event FMLServerStoppingEvent to mod Schematica
2014-07-20 03:04:05 [FINEST] Sent event FMLServerStoppingEvent to mod Schematica
2014-07-20 03:04:10 [FINEST] Sending event FMLServerStoppedEvent to mod Schematica
2014-07-20 03:04:10 [FINEST] Sent event FMLServerStoppedEvent to mod Schematica
