2014-07-19 20:18:13 [SERVER] [INFO] Starting integrated minecraft server version 1.6.4
2014-07-19 20:18:13 [SERVER] [INFO] Generating keypair
2014-07-19 20:18:13 [SERVER] [INFO] Converting map!
2014-07-19 20:18:13 [SERVER] [INFO] Scanning folders...
2014-07-19 20:18:13 [SERVER] [INFO] Total conversion count is 0
2014-07-19 20:18:26 [SERVER] [INFO] Preparing start region for level 0
2014-07-19 20:18:28 [SERVER] [INFO] Preparing spawn area: 5%
2014-07-19 20:18:29 [SERVER] [INFO] Preparing spawn area: 7%
2014-07-19 20:18:30 [SERVER] [INFO] Preparing spawn area: 10%
2014-07-19 20:18:31 [SERVER] [INFO] Preparing spawn area: 16%
2014-07-19 20:18:32 [SERVER] [INFO] Preparing spawn area: 23%
2014-07-19 20:18:33 [SERVER] [INFO] Preparing spawn area: 33%
2014-07-19 20:18:34 [SERVER] [INFO] Preparing spawn area: 40%
2014-07-19 20:18:35 [SERVER] [INFO] Preparing spawn area: 44%
2014-07-19 20:18:37 [SERVER] [INFO] Preparing spawn area: 51%
2014-07-19 20:18:38 [SERVER] [INFO] Preparing spawn area: 59%
2014-07-19 20:18:39 [SERVER] [INFO] Preparing spawn area: 67%
2014-07-19 20:18:40 [SERVER] [INFO] Preparing spawn area: 71%
2014-07-19 20:18:41 [SERVER] [INFO] Preparing spawn area: 79%
2014-07-19 20:18:42 [SERVER] [INFO] Preparing spawn area: 87%
2014-07-19 20:18:43 [SERVER] [INFO] Preparing spawn area: 93%
2014-07-19 20:18:44 [SERVER] [WARNING] [ResonantEngine]SaveManager: Skipping object with id 
2014-07-19 20:18:46 [SERVER] [INFO] Tlacatecolototl[/127.0.0.1:0] logged in with entity id 12267 at (83.5, 73.0, 247.5)
2014-07-19 20:18:46 [SERVER] [INFO] Tlacatecolototl joined the game
2014-07-19 20:18:51 [SERVER] [WARNING] Can't keep up! Did the system time change, or is the server overloaded?
2014-07-19 20:19:01 [SERVER] [INFO] Saving and pausing game...
2014-07-19 20:19:01 [SERVER] [INFO] Saving chunks for level 'New World'/Overworld
2014-07-19 20:19:01 [SERVER] [INFO] Saving chunks for level 'New World'/Nether
2014-07-19 20:19:01 [SERVER] [INFO] Saving chunks for level 'New World'/The End
2014-07-19 20:19:01 [SERVER] [INFO] Saving chunks for level 'New World'/Underdark
2014-07-19 20:19:01 [SERVER] [INFO] Saving chunks for level 'New World'/The Moo Moo Farm
2014-07-19 20:19:01 [SERVER] [INFO] Saving chunks for level 'New World'/Promised Land
2014-07-19 20:19:01 [SERVER] [INFO] Saving chunks for level 'New World'/Spirit World
2014-07-19 20:19:01 [SERVER] [INFO] Saving chunks for level 'New World'/Torment
2014-07-19 20:19:01 [SERVER] [INFO] Saving chunks for level 'New World'/Bedrock
2014-07-19 20:19:01 [SERVER] [INFO] Saving chunks for level 'New World'/Twilight Forest
2014-07-19 20:19:01 [SERVER] [INFO] Saving chunks for level 'New World'/Limbo
2014-07-19 20:19:02 [SERVER] [INFO] Saving and pausing game...
2014-07-19 20:19:02 [SERVER] [INFO] Saving chunks for level 'New World'/Overworld
2014-07-19 20:19:02 [SERVER] [INFO] Saving chunks for level 'New World'/Nether
2014-07-19 20:19:02 [SERVER] [INFO] Saving chunks for level 'New World'/The End
2014-07-19 20:19:02 [SERVER] [INFO] Saving chunks for level 'New World'/Underdark
2014-07-19 20:19:02 [SERVER] [INFO] Saving chunks for level 'New World'/The Moo Moo Farm
2014-07-19 20:19:02 [SERVER] [INFO] Saving chunks for level 'New World'/Promised Land
2014-07-19 20:19:02 [SERVER] [INFO] Saving chunks for level 'New World'/Spirit World
2014-07-19 20:19:02 [SERVER] [INFO] Saving chunks for level 'New World'/Torment
2014-07-19 20:19:02 [SERVER] [INFO] Saving chunks for level 'New World'/Bedrock
2014-07-19 20:19:02 [SERVER] [INFO] Saving chunks for level 'New World'/Twilight Forest
2014-07-19 20:19:02 [SERVER] [INFO] Saving chunks for level 'New World'/Limbo
2014-07-19 20:19:37 [SERVER] [INFO] Stopping server
2014-07-19 20:19:37 [SERVER] [INFO] Saving players
2014-07-19 20:19:37 [SERVER] [INFO] Tlacatecolototl left the game
2014-07-19 20:19:37 [SERVER] [INFO] Saving worlds
2014-07-19 20:19:37 [SERVER] [INFO] Saving chunks for level 'New World'/Overworld
2014-07-19 20:19:37 [SERVER] [INFO] Saving chunks for level 'New World'/Nether
2014-07-19 20:19:37 [SERVER] [INFO] Saving chunks for level 'New World'/The End
2014-07-19 20:19:37 [SERVER] [INFO] Saving chunks for level 'New World'/Underdark
2014-07-19 20:19:37 [SERVER] [INFO] Saving chunks for level 'New World'/The Moo Moo Farm
2014-07-19 20:19:37 [SERVER] [INFO] Saving chunks for level 'New World'/Promised Land
2014-07-19 20:19:37 [SERVER] [INFO] Saving chunks for level 'New World'/Spirit World
2014-07-19 20:19:37 [SERVER] [INFO] Saving chunks for level 'New World'/Torment
2014-07-19 20:19:37 [SERVER] [INFO] Saving chunks for level 'New World'/Bedrock
2014-07-19 20:19:37 [SERVER] [INFO] Saving chunks for level 'New World'/Twilight Forest
2014-07-19 20:19:37 [SERVER] [INFO] Saving chunks for level 'New World'/Limbo
2014-07-19 20:19:37 [SERVER] [INFO] Stopping server
2014-07-19 20:19:37 [SERVER] [INFO] Saving players
2014-07-19 20:19:37 [SERVER] [INFO] Saving worlds
2014-07-19 20:19:37 [SERVER] [INFO] Saving chunks for level 'New World'/Overworld
2014-07-20 02:39:50 [SERVER] [INFO] Starting integrated minecraft server version 1.6.4
2014-07-20 02:39:50 [SERVER] [INFO] Generating keypair
2014-07-20 02:39:50 [SERVER] [INFO] Converting map!
2014-07-20 02:39:50 [SERVER] [INFO] Scanning folders...
2014-07-20 02:39:50 [SERVER] [INFO] Total conversion count is 0
2014-07-20 02:40:04 [SERVER] [INFO] Preparing start region for level 0
2014-07-20 02:40:06 [SERVER] [INFO] Preparing spawn area: 5%
2014-07-20 02:40:07 [SERVER] [INFO] Preparing spawn area: 6%
2014-07-20 02:40:08 [SERVER] [INFO] Preparing spawn area: 7%
2014-07-20 02:40:09 [SERVER] [INFO] Preparing spawn area: 11%
2014-07-20 02:40:10 [SERVER] [INFO] Preparing spawn area: 18%
2014-07-20 02:40:11 [SERVER] [INFO] Preparing spawn area: 24%
2014-07-20 02:40:12 [SERVER] [INFO] Preparing spawn area: 27%
2014-07-20 02:40:13 [SERVER] [INFO] Preparing spawn area: 33%
2014-07-20 02:40:14 [SERVER] [INFO] Preparing spawn area: 39%
2014-07-20 02:40:15 [SERVER] [INFO] Preparing spawn area: 45%
2014-07-20 02:40:16 [SERVER] [INFO] Preparing spawn area: 50%
2014-07-20 02:40:18 [SERVER] [INFO] Preparing spawn area: 50%
2014-07-20 02:40:19 [SERVER] [INFO] Preparing spawn area: 59%
2014-07-20 02:40:20 [SERVER] [INFO] Preparing spawn area: 69%
2014-07-20 02:40:21 [SERVER] [INFO] Preparing spawn area: 74%
2014-07-20 02:40:22 [SERVER] [INFO] Preparing spawn area: 80%
2014-07-20 02:40:23 [SERVER] [INFO] Preparing spawn area: 83%
2014-07-20 02:40:25 [SERVER] [INFO] Preparing spawn area: 91%
2014-07-20 02:40:26 [SERVER] [INFO] Preparing spawn area: 96%
2014-07-20 02:40:26 [SERVER] [WARNING] [ResonantEngine]SaveManager: Skipping object with id 
2014-07-20 02:40:28 [SERVER] [INFO] Tlacatecolototl[/127.0.0.1:0] logged in with entity id 12341 at (198.5, 66.0, 244.5)
2014-07-20 02:40:28 [SERVER] [INFO] Tlacatecolototl joined the game
2014-07-20 02:40:31 [SERVER] [WARNING] Can't keep up! Did the system time change, or is the server overloaded?
2014-07-20 02:40:45 [SERVER] [WARNING] Can't keep up! Did the system time change, or is the server overloaded?
2014-07-20 02:40:46 [SERVER] [INFO] Saving and pausing game...
2014-07-20 02:40:46 [SERVER] [INFO] Saving chunks for level 'New World'/Overworld
2014-07-20 02:40:47 [SERVER] [INFO] Saving chunks for level 'New World'/Nether
2014-07-20 02:40:47 [SERVER] [INFO] Saving chunks for level 'New World'/The End
2014-07-20 02:40:47 [SERVER] [INFO] Saving chunks for level 'New World'/Underdark
2014-07-20 02:40:47 [SERVER] [INFO] Saving chunks for level 'New World'/The Moo Moo Farm
2014-07-20 02:40:47 [SERVER] [INFO] Saving chunks for level 'New World'/Promised Land
2014-07-20 02:40:47 [SERVER] [INFO] Saving chunks for level 'New World'/Spirit World
2014-07-20 02:40:47 [SERVER] [INFO] Saving chunks for level 'New World'/Torment
2014-07-20 02:40:47 [SERVER] [INFO] Saving chunks for level 'New World'/Bedrock
2014-07-20 02:40:47 [SERVER] [INFO] Saving chunks for level 'New World'/Twilight Forest
2014-07-20 02:40:47 [SERVER] [INFO] Saving chunks for level 'New World'/Limbo
2014-07-20 02:40:49 [SERVER] [INFO] Saving and pausing game...
2014-07-20 02:40:49 [SERVER] [INFO] Saving chunks for level 'New World'/Overworld
2014-07-20 02:40:50 [SERVER] [INFO] Saving chunks for level 'New World'/Nether
2014-07-20 02:40:50 [SERVER] [INFO] Saving chunks for level 'New World'/The End
2014-07-20 02:40:50 [SERVER] [INFO] Saving chunks for level 'New World'/Underdark
2014-07-20 02:40:50 [SERVER] [INFO] Saving chunks for level 'New World'/The Moo Moo Farm
2014-07-20 02:40:50 [SERVER] [INFO] Saving chunks for level 'New World'/Promised Land
2014-07-20 02:40:50 [SERVER] [INFO] Saving chunks for level 'New World'/Spirit World
2014-07-20 02:40:50 [SERVER] [INFO] Saving chunks for level 'New World'/Torment
2014-07-20 02:40:50 [SERVER] [INFO] Saving chunks for level 'New World'/Bedrock
2014-07-20 02:40:50 [SERVER] [INFO] Saving chunks for level 'New World'/Twilight Forest
2014-07-20 02:40:50 [SERVER] [INFO] Saving chunks for level 'New World'/Limbo
2014-07-20 02:42:05 [SERVER] [INFO] Stopping server
2014-07-20 02:42:05 [SERVER] [INFO] Saving players
2014-07-20 02:42:05 [SERVER] [INFO] Tlacatecolototl left the game
2014-07-20 02:42:05 [SERVER] [INFO] Saving worlds
2014-07-20 02:42:05 [SERVER] [INFO] Saving chunks for level 'New World'/Overworld
2014-07-20 02:42:06 [SERVER] [INFO] Saving chunks for level 'New World'/Nether
2014-07-20 02:42:06 [SERVER] [INFO] Saving chunks for level 'New World'/The End
2014-07-20 02:42:06 [SERVER] [INFO] Saving chunks for level 'New World'/Underdark
2014-07-20 02:42:06 [SERVER] [INFO] Saving chunks for level 'New World'/The Moo Moo Farm
2014-07-20 02:42:06 [SERVER] [INFO] Saving chunks for level 'New World'/Promised Land
2014-07-20 02:42:06 [SERVER] [INFO] Saving chunks for level 'New World'/Spirit World
2014-07-20 02:42:06 [SERVER] [INFO] Saving chunks for level 'New World'/Torment
2014-07-20 02:42:06 [SERVER] [INFO] Saving chunks for level 'New World'/Bedrock
2014-07-20 02:42:06 [SERVER] [INFO] Saving chunks for level 'New World'/Twilight Forest
2014-07-20 02:42:06 [SERVER] [INFO] Saving chunks for level 'New World'/Limbo
2014-07-20 02:42:06 [SERVER] [INFO] Stopping server
2014-07-20 02:42:06 [SERVER] [INFO] Saving players
2014-07-20 02:42:06 [SERVER] [INFO] Saving worlds
2014-07-20 02:42:06 [SERVER] [INFO] Saving chunks for level 'New World'/Overworld
2014-07-20 03:01:06 [SERVER] [INFO] Starting integrated minecraft server version 1.6.4
2014-07-20 03:01:06 [SERVER] [INFO] Generating keypair
2014-07-20 03:01:07 [SERVER] [INFO] Converting map!
2014-07-20 03:01:07 [SERVER] [INFO] Scanning folders...
2014-07-20 03:01:07 [SERVER] [INFO] Total conversion count is 0
2014-07-20 03:01:18 [SERVER] [INFO] Preparing start region for level 0
2014-07-20 03:01:23 [SERVER] [INFO] Preparing spawn area: 4%
2014-07-20 03:01:27 [SERVER] [INFO] Preparing spawn area: 5%
2014-07-20 03:01:28 [SERVER] [INFO] Preparing spawn area: 7%
2014-07-20 03:01:29 [SERVER] [INFO] Preparing spawn area: 15%
2014-07-20 03:01:30 [SERVER] [INFO] Preparing spawn area: 21%
2014-07-20 03:01:31 [SERVER] [INFO] Preparing spawn area: 29%
2014-07-20 03:01:32 [SERVER] [INFO] Preparing spawn area: 35%
2014-07-20 03:01:33 [SERVER] [INFO] Preparing spawn area: 43%
2014-07-20 03:01:34 [SERVER] [INFO] Preparing spawn area: 46%
2014-07-20 03:01:35 [SERVER] [INFO] Preparing spawn area: 53%
2014-07-20 03:01:36 [SERVER] [INFO] Preparing spawn area: 55%
2014-07-20 03:01:37 [SERVER] [INFO] Preparing spawn area: 63%
2014-07-20 03:01:38 [SERVER] [INFO] Preparing spawn area: 68%
2014-07-20 03:01:40 [SERVER] [INFO] Preparing spawn area: 77%
2014-07-20 03:01:41 [SERVER] [INFO] Preparing spawn area: 85%
2014-07-20 03:01:42 [SERVER] [INFO] Preparing spawn area: 91%
2014-07-20 03:01:43 [SERVER] [WARNING] [ResonantEngine]SaveManager: Skipping object with id 
2014-07-20 03:01:44 [SERVER] [INFO] Tlacatecolototl[/127.0.0.1:0] logged in with entity id 15450 at (-42.5, 63.0, 244.5)
2014-07-20 03:01:45 [SERVER] [INFO] Tlacatecolototl joined the game
2014-07-20 03:01:48 [SERVER] [WARNING] Can't keep up! Did the system time change, or is the server overloaded?
2014-07-20 03:02:07 [SERVER] [INFO] Saving and pausing game...
2014-07-20 03:02:07 [SERVER] [INFO] Saving chunks for level 'New World'/Overworld
2014-07-20 03:02:08 [SERVER] [INFO] Saving chunks for level 'New World'/Nether
2014-07-20 03:02:08 [SERVER] [INFO] Saving chunks for level 'New World'/The End
2014-07-20 03:02:08 [SERVER] [INFO] Saving chunks for level 'New World'/Underdark
2014-07-20 03:02:08 [SERVER] [INFO] Saving chunks for level 'New World'/The Moo Moo Farm
2014-07-20 03:02:08 [SERVER] [INFO] Saving chunks for level 'New World'/Promised Land
2014-07-20 03:02:08 [SERVER] [INFO] Saving chunks for level 'New World'/Spirit World
2014-07-20 03:02:08 [SERVER] [INFO] Saving chunks for level 'New World'/Torment
2014-07-20 03:02:08 [SERVER] [INFO] Saving chunks for level 'New World'/Bedrock
2014-07-20 03:02:08 [SERVER] [INFO] Saving chunks for level 'New World'/Twilight Forest
2014-07-20 03:02:08 [SERVER] [INFO] Saving chunks for level 'New World'/Limbo
2014-07-20 03:02:11 [SERVER] [INFO] Saving and pausing game...
2014-07-20 03:02:11 [SERVER] [INFO] Saving chunks for level 'New World'/Overworld
2014-07-20 03:02:12 [SERVER] [INFO] Saving chunks for level 'New World'/Nether
2014-07-20 03:02:12 [SERVER] [INFO] Saving chunks for level 'New World'/The End
2014-07-20 03:02:12 [SERVER] [INFO] Saving chunks for level 'New World'/Underdark
2014-07-20 03:02:12 [SERVER] [INFO] Saving chunks for level 'New World'/The Moo Moo Farm
2014-07-20 03:02:12 [SERVER] [INFO] Saving chunks for level 'New World'/Promised Land
2014-07-20 03:02:12 [SERVER] [INFO] Saving chunks for level 'New World'/Spirit World
2014-07-20 03:02:12 [SERVER] [INFO] Saving chunks for level 'New World'/Torment
2014-07-20 03:02:12 [SERVER] [INFO] Saving chunks for level 'New World'/Bedrock
2014-07-20 03:02:12 [SERVER] [INFO] Saving chunks for level 'New World'/Twilight Forest
2014-07-20 03:02:12 [SERVER] [INFO] Saving chunks for level 'New World'/Limbo
2014-07-20 03:04:02 [SERVER] [INFO] Saving and pausing game...
2014-07-20 03:04:02 [SERVER] [INFO] Saving chunks for level 'New World'/Overworld
2014-07-20 03:04:02 [SERVER] [INFO] Saving chunks for level 'New World'/Nether
2014-07-20 03:04:02 [SERVER] [INFO] Saving chunks for level 'New World'/The End
2014-07-20 03:04:02 [SERVER] [INFO] Saving chunks for level 'New World'/Underdark
2014-07-20 03:04:02 [SERVER] [INFO] Saving chunks for level 'New World'/The Moo Moo Farm
2014-07-20 03:04:02 [SERVER] [INFO] Saving chunks for level 'New World'/Promised Land
2014-07-20 03:04:02 [SERVER] [INFO] Saving chunks for level 'New World'/Spirit World
2014-07-20 03:04:02 [SERVER] [INFO] Saving chunks for level 'New World'/Torment
2014-07-20 03:04:02 [SERVER] [INFO] Saving chunks for level 'New World'/Bedrock
2014-07-20 03:04:02 [SERVER] [INFO] Saving chunks for level 'New World'/Twilight Forest
2014-07-20 03:04:02 [SERVER] [INFO] Saving chunks for level 'New World'/Limbo
2014-07-20 03:04:05 [SERVER] [INFO] Tlacatecolototl lost connection: disconnect.quitting
2014-07-20 03:04:05 [SERVER] [INFO] Tlacatecolototl left the game
2014-07-20 03:04:05 [SERVER] [INFO] Stopping singleplayer server as player logged out
2014-07-20 03:04:05 [SERVER] [INFO] Stopping server
2014-07-20 03:04:05 [SERVER] [INFO] Saving players
2014-07-20 03:04:05 [SERVER] [INFO] Saving worlds
2014-07-20 03:04:05 [SERVER] [INFO] Saving chunks for level 'New World'/Overworld
2014-07-20 03:04:05 [SERVER] [INFO] Saving chunks for level 'New World'/Nether
2014-07-20 03:04:05 [SERVER] [INFO] Saving chunks for level 'New World'/The End
2014-07-20 03:04:05 [SERVER] [INFO] Saving chunks for level 'New World'/Underdark
2014-07-20 03:04:05 [SERVER] [INFO] Saving chunks for level 'New World'/The Moo Moo Farm
2014-07-20 03:04:05 [SERVER] [INFO] Saving chunks for level 'New World'/Promised Land
2014-07-20 03:04:05 [SERVER] [INFO] Saving chunks for level 'New World'/Spirit World
2014-07-20 03:04:05 [SERVER] [INFO] Saving chunks for level 'New World'/Torment
2014-07-20 03:04:05 [SERVER] [INFO] Saving chunks for level 'New World'/Bedrock
2014-07-20 03:04:05 [SERVER] [INFO] Saving chunks for level 'New World'/Twilight Forest
2014-07-20 03:04:05 [SERVER] [INFO] Saving chunks for level 'New World'/Limbo
